<testsuites id="" name="" tests="2" failures="2" skipped="0" errors="0" time="9.964127000000001">
<testsuite name="db\customer-registration-db.spec.ts" timestamp="2026-09-25T01:37:00.497Z" hostname="chromium" tests="1" failures="1" skipped="0" time="2.622" errors="0">
<testcase name="registers and validates one customer across UI admin and MySQL @master @e2e @db @regression" classname="db\customer-registration-db.spec.ts" time="2.622">
<system-out>
<![CDATA[
[[ATTACHMENT|..\test-results\db-customer-registration-d-ae5fe-QL-master-e2e-db-regression-chromium\test-failed-1.png]]

[[ATTACHMENT|..\test-results\db-customer-registration-d-ae5fe-QL-master-e2e-db-regression-chromium\video.webm]]

[[ATTACHMENT|..\test-results\db-customer-registration-d-ae5fe-QL-master-e2e-db-regression-chromium\error-context.md]]
]]>
</system-out>
<failure message="Frontend registration page should be displayed" type="expect.toBeTruthy">
<![CDATA[  [chromium] › db\customer-registration-db.spec.ts:19:5 › registers and validates one customer across UI admin and MySQL @master @e2e @db @regression › 1) Register a unique customer through the frontend 

    Error: Frontend registration page should be displayed

    expect(received).toBeTruthy()

    Received: false

      26 |       await homePage.openAccountMenu();
      27 |       const registerPage = await homePage.clickRegister();
    > 28 |       expect(await registerPage.isRegisterPageExists(), 'Frontend registration page should be displayed').toBeTruthy();
         |                                                                                                           ^
      29 |       const accountPage = await registerPage.completeRegistration(customer);
      30 |       expect(await registerPage.isAccountCreated(), 'Frontend registration should show account-created confirmation').toBeTruthy();
      31 |       expect(await accountPage.isAuthenticatedNavigationVisible(), 'Registered customer account navigation should be available').toBeTruthy();
        at D:\Testing project\openShop_playwright\tests\db\customer-registration-db.spec.ts:28:107
        at D:\Testing project\openShop_playwright\tests\db\customer-registration-db.spec.ts:25:5

    attachment #1: screenshot (image/png) ──────────────────────────────────────────────────────────
    ..\test-results\db-customer-registration-d-ae5fe-QL-master-e2e-db-regression-chromium\test-failed-1.png
    ────────────────────────────────────────────────────────────────────────────────────────────────

    attachment #2: video (video/webm) ──────────────────────────────────────────────────────────────
    ..\test-results\db-customer-registration-d-ae5fe-QL-master-e2e-db-regression-chromium\video.webm
    ────────────────────────────────────────────────────────────────────────────────────────────────

    Error Context: ..\test-results\db-customer-registration-d-ae5fe-QL-master-e2e-db-regression-chromium\error-context.md
]]>
</failure>
</testcase>
</testsuite>
<testsuite name="web\opencart-web.spec.ts" timestamp="2026-09-25T01:37:00.497Z" hostname="chromium" tests="1" failures="1" skipped="0" time="7.18" errors="0">
<testcase name="OpenCart customer and shopping flows › completes the end-to-end shopping journey @web @master @e2e @regression" classname="web\opencart-web.spec.ts" time="7.18">
<system-out>
<![CDATA[
[[ATTACHMENT|..\test-results\web-opencart-web-OpenCart--cb140-y-web-master-e2e-regression-chromium\test-failed-1.png]]

[[ATTACHMENT|..\test-results\web-opencart-web-OpenCart--cb140-y-web-master-e2e-regression-chromium\video.webm]]

[[ATTACHMENT|..\test-results\web-opencart-web-OpenCart--cb140-y-web-master-e2e-regression-chromium\error-context.md]]
]]>
</system-out>
<failure message="New customer should reach My Account after re-login" type="expect.toBeTruthy">
<![CDATA[  [chromium] › web\opencart-web.spec.ts:144:7 › OpenCart customer and shopping flows › completes the end-to-end shopping journey @web @master @e2e @regression › 2) Log in again with the new customer credentials 

    Error: New customer should reach My Account after re-login

    expect(received).toBeTruthy()

    Received: false

      160 |       const loginPage = await homePage.clickLogin();
      161 |       const accountPage = await loginPage.login(customer.email, customer.password);
    > 162 |       expect(await accountPage.isMyAccountPageExists(), 'New customer should reach My Account after re-login').toBeTruthy();
          |                                                                                                                ^
      163 |     });
      164 |
      165 |     await test.step('3) Search, add, and validate the product cart', async () => {
        at D:\Testing project\openShop_playwright\tests\web\opencart-web.spec.ts:162:112
        at D:\Testing project\openShop_playwright\tests\web\opencart-web.spec.ts:158:5

    attachment #1: screenshot (image/png) ──────────────────────────────────────────────────────────
    ..\test-results\web-opencart-web-OpenCart--cb140-y-web-master-e2e-regression-chromium\test-failed-1.png
    ────────────────────────────────────────────────────────────────────────────────────────────────

    attachment #2: video (video/webm) ──────────────────────────────────────────────────────────────
    ..\test-results\web-opencart-web-OpenCart--cb140-y-web-master-e2e-regression-chromium\video.webm
    ────────────────────────────────────────────────────────────────────────────────────────────────

    Error Context: ..\test-results\web-opencart-web-OpenCart--cb140-y-web-master-e2e-regression-chromium\error-context.md
]]>
</failure>
</testcase>
</testsuite>
</testsuites>